This is pdfTeXk, Version 3.141592-1.40.3 (Web2C 7.5.6) (format=pdflatex 2015.11.13)  17 MAY 2016 14:50
entering extended mode
 %&-line parsing enabled.
**manuscript_rnaseq.tex
(./manuscript_rnaseq.tex
LaTeX2e <2005/12/01>
Babel <v3.8h> and hyphenation patterns for english, usenglishmax, dumylang, noh
yphenation, arabic, basque, bulgarian, coptic, welsh, czech, slovak, german, ng
erman, danish, esperanto, spanish, catalan, galician, estonian, farsi, finnish,
 french, greek, monogreek, ancientgreek, croatian, hungarian, interlingua, ibyc
us, indonesian, icelandic, italian, latin, mongolian, dutch, norsk, polish, por
tuguese, pinyin, romanian, russian, slovenian, uppersorbian, serbian, swedish, 
turkish, ukenglish, ukrainian, loaded.
(./bmcart.cls
Document Class: bmcart 2014/01/24BioMed Central class (VS)
(/usr/share/texmf/tex/latex/base/article.cls
Document Class: article 2005/09/16 v1.4f Standard LaTeX document class
(/usr/share/texmf/tex/latex/base/size10.clo
File: size10.clo 2005/09/16 v1.4f Standard LaTeX file (size option)
)
\c@part=\count79
\c@section=\count80
\c@subsection=\count81
\c@subsubsection=\count82
\c@paragraph=\count83
\c@subparagraph=\count84
\c@figure=\count85
\c@table=\count86
\abovecaptionskip=\skip41
\belowcaptionskip=\skip42
\bibindent=\dimen102
)
\mathindent=\dimen103

(/usr/share/texmf/tex/latex/graphics/keyval.sty
Package: keyval 1999/03/16 v1.13 key=value parser (DPC)
\KV@toks@=\toks14
)
(/usr/share/texmf/tex/latex/xcolor/xcolor.sty
Package: xcolor 2007/01/21 v2.11 LaTeX color extensions (UK)

(/usr/share/texmf/tex/latex/config/color.cfg
File: color.cfg 2007/01/18 v1.5 color configuration of teTeX/TeXLive
)
Package xcolor Info: Driver file: pdftex.def on input line 225.

(/usr/share/texmf/tex/latex/pdftex-def/pdftex.def
File: pdftex.def 2007/01/08 v0.04d Graphics/color for pdfTeX
\Gread@gobject=\count87
)
Package xcolor Info: Model `cmy' substituted by `cmy0' on input line 1337.
Package xcolor Info: Model `hsb' substituted by `rgb' on input line 1341.
Package xcolor Info: Model `RGB' extended on input line 1353.
Package xcolor Info: Model `HTML' substituted by `rgb' on input line 1355.
Package xcolor Info: Model `Hsb' substituted by `hsb' on input line 1356.
Package xcolor Info: Model `tHsb' substituted by `hsb' on input line 1357.
Package xcolor Info: Model `HSB' substituted by `hsb' on input line 1358.
Package xcolor Info: Model `Gray' substituted by `gray' on input line 1359.
Package xcolor Info: Model `wave' substituted by `hsb' on input line 1360.
) (./lastpage.sty

LaTeX Warning: You have requested release `2011/06/27' of LaTeX,
               but only release `2005/12/01' is available.

Package: lastpage 2011/09/01 v1.2k Refers to last page's name (HMM; JPG)
)
\c@thanks=\count88
\bmcfloat@box=\box26
\c@author=\count89
\c@address=\count90
\sv@mathsurround=\dimen104
\fm@box=\box27
\c@addressref=\count91
\thanks@box=\box28
\abstract@box=\box29
\authors@list=\toks15
\keywords@list=\toks16
) (/usr/share/texmf/tex/latex/graphics/graphicx.sty
Package: graphicx 1999/02/16 v1.0f Enhanced LaTeX Graphics (DPC,SPQR)

(/usr/share/texmf/tex/latex/graphics/graphics.sty
Package: graphics 2006/02/20 v1.0o Standard LaTeX Graphics (DPC,SPQR)

(/usr/share/texmf/tex/latex/graphics/trig.sty
Package: trig 1999/03/16 v1.09 sin cos tan (DPC)
)
(/usr/share/texmf/tex/latex/config/graphics.cfg
File: graphics.cfg 2007/01/18 v1.5 graphics configuration of teTeX/TeXLive
)
Package graphics Info: Driver file: pdftex.def on input line 90.
)
\Gin@req@height=\dimen105
\Gin@req@width=\dimen106
) (./manuscript_rnaseq.aux)
\openout1 = `manuscript_rnaseq.aux'.

LaTeX Font Info:    Checking defaults for OML/cmm/m/it on input line 90.
LaTeX Font Info:    ... okay on input line 90.
LaTeX Font Info:    Checking defaults for T1/cmr/m/n on input line 90.
LaTeX Font Info:    ... okay on input line 90.
LaTeX Font Info:    Checking defaults for OT1/cmr/m/n on input line 90.
LaTeX Font Info:    ... okay on input line 90.
LaTeX Font Info:    Checking defaults for OMS/cmsy/m/n on input line 90.
LaTeX Font Info:    ... okay on input line 90.
LaTeX Font Info:    Checking defaults for OMX/cmex/m/n on input line 90.
LaTeX Font Info:    ... okay on input line 90.
LaTeX Font Info:    Checking defaults for U/cmr/m/n on input line 90.
LaTeX Font Info:    ... okay on input line 90.
Package lastpage Info: Please have a look at the pageslts package at
(lastpage)             http://www.ctan.org/tex-archive/ 
(lastpage)             macros/latex/contrib/pageslts/ 
(lastpage)             or
(lastpage)             http://www.ctan.org/tex-archive/ 
(lastpage)             install/macros/latex/contrib/pageslts.tds.zip
(lastpage)             ! on input line 90.


LaTeX Font Warning: Font shape `OT1/cmss/bx/n' in size <13> not available
(Font)              size <12> substituted on input line 96.


LaTeX Font Warning: Font shape `OT1/cmss/m/n' in size <24> not available
(Font)              size <24.88> substituted on input line 104.

LaTeX Font Info:    Calculating math sizes for size <11> on input line 126.

LaTeX Font Warning: Font shape `OT1/cmr/m/n' in size <5.5> not available
(Font)              size <5> substituted on input line 126.


LaTeX Font Warning: Font shape `OML/cmm/m/it' in size <5.5> not available
(Font)              size <5> substituted on input line 126.


LaTeX Font Warning: Font shape `OMS/cmsy/m/n' in size <5.5> not available
(Font)              size <5> substituted on input line 126.

LaTeX Font Info:    External font `cmex10' loaded for size
(Font)              <11> on input line 126.
LaTeX Font Info:    External font `cmex10' loaded for size
(Font)              <7.69997> on input line 126.
LaTeX Font Info:    External font `cmex10' loaded for size
(Font)              <5.5> on input line 126.

LaTeX Warning: Reference `aff1thanks' on page 1 undefined on input line 126.


LaTeX Warning: Reference `n1thanks' on page 1 undefined on input line 126.


LaTeX Warning: Reference `aff1thanks' on page 1 undefined on input line 130.


LaTeX Warning: Reference `aff2thanks' on page 1 undefined on input line 130.

\address@aff1=\toks17
\address@aff2=\toks18
LaTeX Font Info:    External font `cmex10' loaded for size
(Font)              <7> on input line 236.
LaTeX Font Info:    External font `cmex10' loaded for size
(Font)              <5> on input line 236.

LaTeX Warning: Reference `aff1thanks' on page 1 undefined on input line 236.


LaTeX Font Warning: Font shape `OT1/cmss/m/it' in size <8> not available
(Font)              Font shape `OT1/cmss/m/sl' tried instead on input line 359.



Overfull \hbox (1.0pt too wide) has occurred while \output is active
 [] 
 []

[1{/usr/share/texmf/fonts/map/pdftex/updmap/pdftex.map}

] [2] [3] [4]
No file manuscript_rnaseq.bbl.


pdfTeX warning: pdflatex (file ../figures/efmm-ratio.pdf): PDF inclusion: found
 PDF version <1.5>, but at most version <1.4> allowed
<../figures/efmm-ratio.pdf, id=22, 578.16pt x 578.16pt>
File: ../figures/efmm-ratio.pdf Graphic file (type pdf)

<use ../figures/efmm-ratio.pdf>
LaTeX Font Info:    External font `cmex10' loaded for size
(Font)              <8> on input line 571.
LaTeX Font Info:    External font `cmex10' loaded for size
(Font)              <6> on input line 571.

<../figures/ef-heatmap.pdf, id=23, 578.16pt x 578.16pt>
File: ../figures/ef-heatmap.pdf Graphic file (type pdf)

<use ../figures/ef-heatmap.pdf>

LaTeX Warning: `!h' float specifier changed to `!ht'.

<../figures/mm-heatmap.pdf, id=24, 578.16pt x 578.16pt>
File: ../figures/mm-heatmap.pdf Graphic file (type pdf)

<use ../figures/mm-heatmap.pdf>

LaTeX Warning: `!h' float specifier changed to `!ht'.


AED: lastpage setting LastPage
[5 <../figures/efmm-ratio.pdf

pdfTeX warning: pdflatex (file ../figures/efmm-ratio.pdf): PDF inclusion: Page 
Group detected which pdfTeX can't handle. Ignoring it.
>] [6 <../figures/ef-heatmap.pdf

pdfTeX warning: pdflatex (file ../figures/ef-heatmap.pdf): PDF inclusion: Page 
Group detected which pdfTeX can't handle. Ignoring it.
>] [7 <../figures/mm-heatmap.pdf

pdfTeX warning: pdflatex (file ../figures/mm-heatmap.pdf): PDF inclusion: Page 
Group detected which pdfTeX can't handle. Ignoring it.
>] (./manuscript_rnaseq.aux)

LaTeX Font Warning: Size substitutions with differences
(Font)              up to 1.0pt have occurred.


LaTeX Warning: There were undefined references.


LaTeX Warning: Label(s) may have changed. Rerun to get cross-references right.

 ) 
Here is how much of TeX's memory you used:
 1663 strings out of 256214
 20267 string characters out of 1916999
 77907 words of memory out of 1500000
 4978 multiletter control sequences out of 10000+200000
 10993 words of font info for 38 fonts, out of 1200000 for 2000
 645 hyphenation exceptions out of 8191
 33i,9n,42p,953b,287s stack positions out of 5000i,500n,6000p,200000b,15000s
</usr/share/texmf/fonts/type1/bluesky/cm/cmbx5.pfb></usr/share/texmf/fonts/ty
pe1/bluesky/cm/cmbx8.pfb></usr/share/texmf/fonts/type1/bluesky/cm/cmr10.pfb></u
sr/share/texmf/fonts/type1/bluesky/cm/cmss10.pfb></usr/share/texmf/fonts/type1/
bluesky/cm/cmss17.pfb></usr/share/texmf/fonts/type1/bluesky/cm/cmss8.pfb></usr/
share/texmf/fonts/type1/bluesky/cm/cmssbx10.pfb></usr/share/texmf/fonts/type1/b
luesky/cm/cmssi8.pfb></usr/share/texmf/fonts/type1/bluesky/cm/cmti10.pfb>
Output written on manuscript_rnaseq.pdf (7 pages, 594971 bytes).
PDF statistics:
 122 PDF objects out of 1000 (max. 8388607)
 0 named destinations out of 1000 (max. 131072)
 16 words of extra memory for PDF output out of 10000 (max. 10000000)

