\BOOKMARK [1][-]{section*.1}{Abstract}{}% 1
<<<<<<< HEAD
\BOOKMARK [1][-]{section.1}{mRNA abundance differences between different experimental groups}{}% 2
\BOOKMARK [2][-]{subsection.1.1}{Life cycle analysis... E. falciformis}{section.1}% 3
\BOOKMARK [2][-]{subsection.1.2}{Parasite development reflected in mouse data}{section.1}% 4
\BOOKMARK [1][-]{section.2}{Methods}{}% 5
\BOOKMARK [2][-]{subsection.2.1}{Mice and infection procedure}{section.2}% 6
\BOOKMARK [2][-]{subsection.2.2}{Oocyst purification for infection and sequencing}{section.2}% 7
\BOOKMARK [2][-]{subsection.2.3}{Sporozoite isolation}{section.2}% 8
\BOOKMARK [2][-]{subsection.2.4}{RNA extraction}{section.2}% 9
\BOOKMARK [2][-]{subsection.2.5}{Sequencing, sequence quality assessment and alignment}{section.2}% 10
\BOOKMARK [2][-]{subsection.2.6}{Alignment and reference genomes}{section.2}% 11
\BOOKMARK [2][-]{subsection.2.7}{Differential mRNA abundance, data normalisation and sample exclusions}{section.2}% 12
\BOOKMARK [2][-]{subsection.2.8}{Selection of differentially abundant mRNAs nad hierarchical clustering}{section.2}% 13
\BOOKMARK [2][-]{subsection.2.9}{Differentially abundant mRNAs used for hierarchical clustering}{section.2}% 14
=======
\BOOKMARK [1][-]{section.1}{Experimental overview}{}% 2
\BOOKMARK [1][-]{section.2}{mRNA abundance differences between different experimental groups}{}% 3
\BOOKMARK [2][-]{subsection.2.1}{Life cycle analysis... E. falciformis}{section.2}% 4
\BOOKMARK [2][-]{subsection.2.2}{Parasite development reflected in mouse data}{section.2}% 5
\BOOKMARK [1][-]{section.3}{Methods}{}% 6
\BOOKMARK [2][-]{subsection.3.1}{Mice and infection procedure}{section.3}% 7
\BOOKMARK [2][-]{subsection.3.2}{Oocyst purification for infection and sequencing}{section.3}% 8
\BOOKMARK [2][-]{subsection.3.3}{Sporozoite isolation}{section.3}% 9
\BOOKMARK [2][-]{subsection.3.4}{RNA extraction}{section.3}% 10
\BOOKMARK [2][-]{subsection.3.5}{Sequencing, sequence quality assessment and alignment}{section.3}% 11
\BOOKMARK [3][-]{subsubsection.3.5.1}{Alignment and reference genomes}{subsection.3.5}% 12
\BOOKMARK [2][-]{subsection.3.6}{Differential mRNA abundance, data normalisation and sample exclusions}{section.3}% 13
\BOOKMARK [2][-]{subsection.3.7}{Differentially abundant mRNAs used for hierarchical clustering}{section.3}% 14
>>>>>>> origin/Totta_final
