This is pdfTeXk, Version 3.141592-1.40.3 (Web2C 7.5.6) (format=prv_distribution-notes 2016.2.12)  12 FEB 2016 13:34
entering extended mode
 %&-line parsing enabled.
**&prv_distribution-notes distribution-notes.tex
(./distribution-notes.tex
LaTeX2e <2005/12/01>
Babel <v3.8h> and hyphenation patterns for english, usenglishmax, dumylang, noh
yphenation, arabic, basque, bulgarian, coptic, welsh, czech, slovak, german, ng
erman, danish, esperanto, spanish, catalan, galician, estonian, farsi, finnish,
 french, greek, monogreek, ancientgreek, croatian, hungarian, interlingua, ibyc
us, indonesian, icelandic, italian, latin, mongolian, dutch, norsk, polish, por
tuguese, pinyin, romanian, russian, slovenian, uppersorbian, serbian, swedish, 
turkish, ukenglish, ukrainian, loaded.
CUSTOMISED FORMAT. Preloaded files:
        .
 article.cls    2005/09/16 v1.4f Standard LaTeX document class
  size10.clo    2005/09/16 v1.4f Standard LaTeX file (size option)
graphicx.sty    1999/02/16 v1.0f Enhanced LaTeX Graphics (DPC,SPQR)
  keyval.sty    1999/03/16 v1.13 key=value parser (DPC)
graphics.sty    2006/02/20 v1.0o Standard LaTeX Graphics (DPC,SPQR)
    trig.sty    1999/03/16 v1.09 sin cos tan (DPC)
graphics.cfg    2007/01/18 v1.5 graphics configuration of teTeX/TeXLive
  pdftex.def    2007/01/08 v0.04d Graphics/color for pdfTeX
placeins.sty    2005/04/18  v 2.2
        .
(./distribution-notes.aux)
LaTeX Font Info:    Checking defaults for OML/cmm/m/it on input line 49.
LaTeX Font Info:    ... okay on input line 49.
LaTeX Font Info:    Checking defaults for T1/cmr/m/n on input line 49.
LaTeX Font Info:    ... okay on input line 49.
LaTeX Font Info:    Checking defaults for OT1/cmr/m/n on input line 49.
LaTeX Font Info:    ... okay on input line 49.
LaTeX Font Info:    Checking defaults for OMS/cmsy/m/n on input line 49.
LaTeX Font Info:    ... okay on input line 49.
LaTeX Font Info:    Checking defaults for OMX/cmex/m/n on input line 49.
LaTeX Font Info:    ... okay on input line 49.
LaTeX Font Info:    Checking defaults for U/cmr/m/n on input line 49.
LaTeX Font Info:    ... okay on input line 49.
 (/usr/share/texmf/tex/latex/preview/preview.sty
Package: preview 2008/02/03 11.85 (AUCTeX/preview-latex)

(/usr/share/texmf/tex/latex/preview/prtightpage.def
\PreviewBorder=\dimen105
)
(/usr/share/texmf/tex/latex/preview/prauctex.def
No auxiliary output files.


\hbadness=\count88
\hfuzz=\dimen106
(/usr/share/texmf/tex/latex/preview/prauctex.cfg))
(/usr/share/texmf/tex/latex/preview/prfootnotes.def)
\pr@snippet=\count89
\pr@box=\box26
\pr@output=\toks15

Preview: Fontsize 10pt
Preview: PDFoutput 1
)
LaTeX Font Info:    External font `cmex10' loaded for size
(Font)              <12> on input line 51.
LaTeX Font Info:    External font `cmex10' loaded for size
(Font)              <8> on input line 51.
LaTeX Font Info:    External font `cmex10' loaded for size
(Font)              <6> on input line 51.

! Preview: Snippet 1 started.
<-><->
      
l.71 \section
             {Objective}
Not a real error.

Preview: Tightpage -32891 -32891 32891 32891
! Preview: Snippet 1 ended.(655359+183500x22609920).
<-><->
      
l.71 \section{Objective}
                        
Not a real error.

[1{/usr/share/texmf/fonts/map/pdftex/updmap/pdftex.map}

]
! Preview: Snippet 2 started.
<-><->
      
l.87 \section
             {Results for mouse}
Not a real error.

! Preview: Snippet 2 ended.(655359+0x22609920).
<-><->
      
l.87 \section{Results for mouse}
                                
Not a real error.

[2

]
! Preview: Snippet 3 started.
<-><->
      
l.90 \begin{figure}
                   [h]
Not a real error.


! LaTeX Error: File `distributions_mouseNocutoffg' not found.

See the LaTeX manual or LaTeX Companion for explanation.
Type  H <return>  for immediate help.
 ...                                              
                                                  
l.92 ...8\textwidth]{distributions_mouseNocutoffg}
                                                  
I could not locate the file with any of these extensions:
.png,.pdf,.jpg,.mps,.jpeg,.jbig2,.jb2.PNG,.PDF,.JPG,.JPEG,.JBIG2,.JB2
Try typing  <return>  to proceed.
If that doesn't work, type  X <return>  to quit.

! Preview: Snippet 3 ended.(4423680+0x22609920).
<-><->
      
l.100 \end{figure}
                  
Not a real error.

[3

]
! Preview: Snippet 4 started.
<-><->
      
l.103 \begin{figure}
                    [h]
Not a real error.

<distributions_normmouseNocutoff.png, id=16, 1806.75pt x 1053.9375pt>
File: distributions_normmouseNocutoff.png Graphic file (type png)

<use distributions_normmouseNocutoff.png>
! Preview: Snippet 4 ended.(15924894+127431x22609920).
<-><->
      
l.114 \end{figure}
                  
Not a real error.

[4

 <./distributions_normmouseNocutoff.png (PNG copy)>]
! Preview: Snippet 5 started.
<-><->
      
l.117 \begin{figure}
                    [h]
Not a real error.

<distributions_normmouse100.png, id=21, 1806.75pt x 1053.9375pt>
File: distributions_normmouse100.png Graphic file (type png)

<use distributions_normmouse100.png>
! Preview: Snippet 5 ended.(15924894+163840x22609920).
<-><->
      
l.128 \end{figure}
                  
Not a real error.

[5

 <./distributions_normmouse100.png (PNG copy)>]
! Preview: Snippet 6 started.
<-><->
      
l.131 \begin{figure}
                    [h]
Not a real error.

<distributions_normmouse2000.png, id=25, 1806.75pt x 1053.9375pt>
File: distributions_normmouse2000.png Graphic file (type png)

<use distributions_normmouse2000.png>
! Preview: Snippet 6 ended.(17497758+163840x22609920).
<-><->
      
l.145 \end{figure}
                  
Not a real error.

[6

 <./distributions_normmouse2000.png (PNG copy)>]

LaTeX Warning: `h' float specifier changed to `ht'.

! Preview: Snippet 7 started.
<-><->
      
l.148 \begin{figure}
                    [h]
Not a real error.

<distributions_normmouse5000.png, id=29, 1806.75pt x 1053.9375pt>
File: distributions_normmouse5000.png Graphic file (type png)

<use distributions_normmouse5000.png>
! Preview: Snippet 7 ended.(15924894+163840x22609920).
<-><->
      
l.159 \end{figure}
                  
Not a real error.

[7

 <./distributions_normmouse5000.png (PNG copy)>]

LaTeX Warning: `h' float specifier changed to `ht'.

! Preview: Snippet 8 started.
<-><->
      
l.162 \begin{figure}
                    [h]
Not a real error.

<distributions_mouse5000.png, id=34, 1806.75pt x 1053.9375pt>
File: distributions_mouse5000.png Graphic file (type png)

<use distributions_mouse5000.png>
! Preview: Snippet 8 ended.(15924894+163840x22609920).
<-><->
      
l.173 \end{figure}
                  
Not a real error.

[8

 <./distributions_mouse5000.png (PNG copy)>]

LaTeX Warning: `h' float specifier changed to `ht'.

! Preview: Snippet 9 started.
<-><->
      
l.176 \begin{figure}
                    [h]
Not a real error.

<distributions_normmouse10000.png, id=38, 1806.75pt x 1053.9375pt>
File: distributions_normmouse10000.png Graphic file (type png)

<use distributions_normmouse10000.png>
! Preview: Snippet 9 ended.(15138462+163840x22609920).
<-><->
      
l.187 \end{figure}
                  
Not a real error.

[9

 <./distributions_normmouse10000.png (PNG copy)>]

LaTeX Warning: `h' float specifier changed to `ht'.

! Preview: Snippet 10 started.
<-><->
      
l.194 \section
              {Results for parasite}
Not a real error.

! Preview: Snippet 10 ended.(655359+183500x22609920).
<-><->
      
l.194 \section{Results for parasite}
                                    
Not a real error.

[10

]
! Preview: Snippet 11 started.
<-><->
      
l.197 \begin{figure}
                    [h]
Not a real error.

<distributions_Ef5.png, id=45, 1806.75pt x 1053.9375pt>
File: distributions_Ef5.png Graphic file (type png)

<use distributions_Ef5.png>
! Preview: Snippet 11 ended.(16711326+127431x22609920).
<-><->
      
l.210 \end{figure}
                  
Not a real error.

[11

 <./distributions_Ef5.png (PNG copy)>]
! Preview: Snippet 12 started.
<-><->
      
l.213 \begin{figure}
                    [h]
Not a real error.

<distributions_Efnorm5.png, id=49, 1806.75pt x 1053.9375pt>
File: distributions_Efnorm5.png Graphic file (type png)

<use distributions_Efnorm5.png>
! Preview: Snippet 12 ended.(19070622+127431x22609920).
<-><->
      
l.229 \end{figure}
                  
Not a real error.

[12

 <./distributions_Efnorm5.png (PNG copy)>]
! Preview: Snippet 13 started.
<-><->
      
l.232 \begin{figure}
                    [h]
Not a real error.

<distributions_Ef50000.png, id=53, 1806.75pt x 1053.9375pt>
File: distributions_Ef50000.png Graphic file (type png)

<use distributions_Ef50000.png>
! Preview: Snippet 13 ended.(17497758+127431x22609920).
<-><->
      
l.246 \end{figure}
                  
Not a real error.

[13

 <./distributions_Ef50000.png (PNG copy)>]
! Preview: Snippet 14 started.
<-><->
      
l.249 \begin{figure}
                    [h]
Not a real error.

<distributions_Efnorm50000.png, id=58, 1806.75pt x 1053.9375pt>
File: distributions_Efnorm50000.png Graphic file (type png)

<use distributions_Efnorm50000.png>
! Preview: Snippet 14 ended.(16711326+127431x22609920).
<-><->
      
l.261 \end{figure}
                  
Not a real error.

[14

 <./distributions_Efnorm50000.png (PNG copy)>]

LaTeX Warning: `h' float specifier changed to `ht'.

! Preview: Snippet 15 started.
<-><->
      
l.268 \section
              {Conclusions}
Not a real error.

! Preview: Snippet 15 ended.(655359+0x22609920).
<-><->
      
l.268 \section{Conclusions}
                           
Not a real error.

[15

] ) 
Here is how much of TeX's memory you used:
 258 strings out of 255615
 4366 string characters out of 1909610
 58948 words of memory out of 1500000
 4135 multiletter control sequences out of 10000+200000
 8766 words of font info for 31 fonts, out of 1200000 for 2000
 645 hyphenation exceptions out of 8191
 22i,6n,22p,857b,268s stack positions out of 5000i,500n,6000p,200000b,15000s
</usr/share/texmf/fonts/type1/bluesky/cm/cmbx12.pfb></usr/share/texmf/fonts/
type1/bluesky/cm/cmmi10.pfb></usr/share/texmf/fonts/type1/bluesky/cm/cmr10.pfb>
</usr/share/texmf/fonts/type1/bluesky/cm/cmr7.pfb></usr/share/texmf/fonts/type1
/bluesky/cm/cmsy10.pfb></usr/share/texmf/fonts/type1/bluesky/cm/cmti10.pfb>
Output written on distribution-notes.pdf (15 pages, 672002 bytes).
PDF statistics:
 85 PDF objects out of 1000 (max. 8388607)
 0 named destinations out of 1000 (max. 131072)
 51 words of extra memory for PDF output out of 10000 (max. 10000000)

